0 info it worked if it ends with ok
1 verbose cli [ '/home/ubuntu/.nvm/v0.10.33/bin/node',
1 verbose cli   '/home/ubuntu/.nvm/v0.10.33/bin/npm',
1 verbose cli   'install',
1 verbose cli   'ng-route' ]
2 info using npm@1.4.28
3 info using node@v0.10.33
4 verbose cache add [ 'ng-route', null ]
5 verbose cache add name=undefined spec="ng-route" args=["ng-route",null]
6 verbose parsed url { protocol: null,
6 verbose parsed url   slashes: null,
6 verbose parsed url   auth: null,
6 verbose parsed url   host: null,
6 verbose parsed url   port: null,
6 verbose parsed url   hostname: null,
6 verbose parsed url   hash: null,
6 verbose parsed url   search: null,
6 verbose parsed url   query: null,
6 verbose parsed url   pathname: 'ng-route',
6 verbose parsed url   path: 'ng-route',
6 verbose parsed url   href: 'ng-route' }
7 silly lockFile 14fabfbe-ng-route ng-route
8 verbose lock ng-route /home/ubuntu/.npm/14fabfbe-ng-route.lock
9 silly lockFile 14fabfbe-ng-route ng-route
10 silly lockFile 14fabfbe-ng-route ng-route
11 verbose addNamed [ 'ng-route', '' ]
12 verbose addNamed [ null, '*' ]
13 silly lockFile d71699b5-ng-route ng-route@
14 verbose lock ng-route@ /home/ubuntu/.npm/d71699b5-ng-route.lock
15 silly addNameRange { name: 'ng-route', range: '*', hasData: false }
16 verbose request where is /ng-route
17 verbose request registry https://registry.npmjs.org/
18 verbose request id 055b4e69cc9f9273
19 verbose url raw /ng-route
20 verbose url resolving [ 'https://registry.npmjs.org/', './ng-route' ]
21 verbose url resolved https://registry.npmjs.org/ng-route
22 verbose request where is https://registry.npmjs.org/ng-route
23 info trying registry request attempt 1 at 08:22:07
24 http GET https://registry.npmjs.org/ng-route
25 http 404 https://registry.npmjs.org/ng-route
26 silly registry.get cb [ 404,
26 silly registry.get   { 'content-type': 'application/json',
26 silly registry.get     'cache-control': 'max-age=0',
26 silly registry.get     'content-length': '2',
26 silly registry.get     'accept-ranges': 'bytes',
26 silly registry.get     date: 'Fri, 13 Nov 2015 08:22:07 GMT',
26 silly registry.get     via: '1.1 varnish',
26 silly registry.get     age: '0',
26 silly registry.get     connection: 'keep-alive',
26 silly registry.get     'x-served-by': 'cache-fra1221-FRA',
26 silly registry.get     'x-cache': 'MISS',
26 silly registry.get     'x-cache-hits': '0',
26 silly registry.get     'x-timer': 'S1447402927.416347,VS0,VE104' } ]
27 silly lockFile d71699b5-ng-route ng-route@
28 silly lockFile d71699b5-ng-route ng-route@
29 error 404 Not Found
29 error 404
29 error 404 'ng-route' is not in the npm registry.
29 error 404 You should bug the author to publish it
29 error 404
29 error 404 Note that you can also install from a
29 error 404 tarball, folder, or http url, or git url.
30 error System Linux 4.2.0-c9
31 error command "/home/ubuntu/.nvm/v0.10.33/bin/node" "/home/ubuntu/.nvm/v0.10.33/bin/npm" "install" "ng-route"
32 error cwd /home/ubuntu/workspace
33 error node -v v0.10.33
34 error npm -v 1.4.28
35 error code E404
36 verbose exit [ 1, true ]
